=============== LOG ENTRY BEGIN ===============
Sat Jan 13 2018 09:51:30 GMT-0700 (US Mountain Standard Time)
 
TERMINAL COMMANDS:
$: C:\Program Files\nodejs\node.exe,C:\Users\paula\homework\Week10\LIRINodeApp\liri.js,mytweets
 
DATA OUTPUT:
1. Tweet: @githubstatus 
getting unicorn This page is taking way too long to load.
Created at: Thu Jan 11 15:25:35 +0000 2018 
2. Tweet: Had a great Christmas in Disneyland with the kids!  Amy and I are just big kids too! https://t.co/EeFhCV7N7u
Created at: Mon Jan 08 15:58:41 +0000 2018 
5. Tweet: #GoDaddyPuppy 

Webster
Created at: Tue Dec 09 13:31:39 +0000 2014 
4. Tweet: @PaulaCarpente16 RT Webster!!
Created at: Tue Dec 09 13:52:00 +0000 2014 
3. Tweet: #ProBowl2015 http://t.co/Vx7Nj7NXHd
Created at: Mon Jan 26 00:39:25 +0000 2015 
8. Tweet: #GoDaddyPuppy

puppy name = Trigger!
Created at: Mon Dec 08 14:56:15 +0000 2014 
7. Tweet: RT @omfgitskami: Wore my @larryfitzgerald jersey to work today. Like a boss. 🙌❤️🏈 #birdgang http://t.co/W0ILTdKTyF
Created at: Tue Dec 09 02:52:46 +0000 2014 
6. Tweet: #GoDaddyPuppy 

Champ!
Created at: Tue Dec 09 08:44:13 +0000 2014 
=============== LOG ENTRY END ===============
 
9. Tweet: #GoDaddyPuppy
Created at: Mon Dec 08 14:55:50 +0000 2014 
=============== LOG ENTRY BEGIN ===============
Tue Jan 16 2018 08:03:29 GMT-0700 (US Mountain Standard Time)
 
TERMINAL COMMANDS:
$: C:\Program Files\nodejs\node.exe,C:\Users\paula\homework\Week10\LIRINodeApp\liri.js,mytweets
 
DATA OUTPUT:
2. Tweet: Had a great Christmas in Disneyland with the kids!  Amy and I are just big kids too! https://t.co/EeFhCV7N7u
Created at: Mon Jan 08 15:58:41 +0000 2018 
4. Tweet: @PaulaCarpente16 RT Webster!!
Created at: Tue Dec 09 13:52:00 +0000 2014 
1. Tweet: @githubstatus 
getting unicorn This page is taking way too long to load.
Created at: Thu Jan 11 15:25:35 +0000 2018 
5. Tweet: #GoDaddyPuppy 

Webster
Created at: Tue Dec 09 13:31:39 +0000 2014 
6. Tweet: #GoDaddyPuppy 

Champ!
Created at: Tue Dec 09 08:44:13 +0000 2014 
3. Tweet: #ProBowl2015 http://t.co/Vx7Nj7NXHd
Created at: Mon Jan 26 00:39:25 +0000 2015 
8. Tweet: #GoDaddyPuppy

puppy name = Trigger!
Created at: Mon Dec 08 14:56:15 +0000 2014 
7. Tweet: RT @omfgitskami: Wore my @larryfitzgerald jersey to work today. Like a boss. 🙌❤️🏈 #birdgang http://t.co/W0ILTdKTyF
Created at: Tue Dec 09 02:52:46 +0000 2014 
9. Tweet: #GoDaddyPuppy
Created at: Mon Dec 08 14:55:50 +0000 2014 
=============== LOG ENTRY END ===============
 
=============== LOG ENTRY BEGIN ===============
Tue Jan 16 2018 10:47:20 GMT-0700 (US Mountain Standard Time)
 
TERMINAL COMMANDS:
$: C:\Program Files\nodejs\node.exe,C:\Users\paula\homework\Week10\LIRINodeApp\liri.js,mytweets
 
DATA OUTPUT:
2. Tweet: Had a great Christmas in Disneyland with the kids!  Amy and I are just big kids too! https://t.co/EeFhCV7N7u
Created at: Mon Jan 08 15:58:41 +0000 2018 
3. Tweet: #ProBowl2015 http://t.co/Vx7Nj7NXHd
Created at: Mon Jan 26 00:39:25 +0000 2015 
1. Tweet: @githubstatus 
getting unicorn This page is taking way too long to load.
Created at: Thu Jan 11 15:25:35 +0000 2018 
4. Tweet: @PaulaCarpente16 RT Webster!!
Created at: Tue Dec 09 13:52:00 +0000 2014 
5. Tweet: #GoDaddyPuppy 

Webster
Created at: Tue Dec 09 13:31:39 +0000 2014 
6. Tweet: #GoDaddyPuppy 

Champ!
Created at: Tue Dec 09 08:44:13 +0000 2014 
7. Tweet: RT @omfgitskami: Wore my @larryfitzgerald jersey to work today. Like a boss. 🙌❤️🏈 #birdgang http://t.co/W0ILTdKTyF
Created at: Tue Dec 09 02:52:46 +0000 2014 
8. Tweet: #GoDaddyPuppy

puppy name = Trigger!
Created at: Mon Dec 08 14:56:15 +0000 2014 
9. Tweet: #GoDaddyPuppy
Created at: Mon Dec 08 14:55:50 +0000 2014 
=============== LOG ENTRY END ===============
 
